# JRE version: Java(TM) SE Runtime Environment (23.0.1+11) (build 23.0.1+11-39)
# Java VM: Java HotSpot(TM) 64-Bit Server VM (23.0.1+11-39, mixed mode, emulated-client, sharing, tiered, compressed oops, compressed class ptrs, g1 gc, windows-amd64)
GC Precious Log:
 CardTable entry size: 512
 Card Set container configuration: InlinePtr #cards 5 size 8 Array Of Cards #cards 10 size 36 Howl #buckets 4 coarsen threshold 1843 Howl Bitmap #cards 512 size 80 coarsen threshold 460 Card regions per heap region 1 cards per card region 2048
 CPUs: 12 total, 12 available
 Memory: 7514M
 Large Page Support: Disabled
 NUMA Support: Disabled
 Compressed Oops: Enabled (32-bit)
 Heap Region Size: 1M
 Heap Min Capacity: 8M
 Heap Initial Capacity: 118M
 Heap Max Capacity: 1880M
 Pre-touch: Disabled
 Parallel Workers: 10
 Concurrent Workers: 3
 Concurrent Refinement Workers: 10
 Periodic GC: Disabled
Heap:
 garbage-first heap   total reserved 1925120K, committed 71680K, used 46045K [0x000000008a800000, 0x0000000100000000)
  region size 1024K, 20 young (20480K), 3 survivors (3072K)
 Metaspace       used 70490K, committed 71232K, reserved 1114112K
  class space    used 10263K, committed 10624K, reserved 1048576K
GC Heap History (20 events):
Event: 3230.411 GC heap after
{Heap after GC invocations=40 (full 4):
 garbage-first heap   total reserved 1925120K, committed 70656K, used 33400K [0x000000008a800000, 0x0000000100000000)
  region size 1024K, 1 young (1024K), 1 survivors (1024K)
 Metaspace       used 69931K, committed 70592K, reserved 1114112K
  class space    used 10212K, committed 10496K, reserved 1048576K
}
Event: 3271.360 GC heap before
{Heap before GC invocations=41 (full 4):
 garbage-first heap   total reserved 1925120K, committed 70656K, used 36472K [0x000000008a800000, 0x0000000100000000)
  region size 1024K, 5 young (5120K), 1 survivors (1024K)
 Metaspace       used 69890K, committed 70592K, reserved 1114112K
  class space    used 10200K, committed 10496K, reserved 1048576K
}
Event: 3271.395 GC heap after
{Heap after GC invocations=42 (full 5):
 garbage-first heap   total reserved 1925120K, committed 70656K, used 24089K [0x000000008a800000, 0x0000000100000000)
  region size 1024K, 0 young (0K), 0 survivors (0K)
 Metaspace       used 69848K, committed 70592K, reserved 1114112K
  class space    used 10188K, committed 10496K, reserved 1048576K
}
Event: 3271.825 GC heap before
{Heap before GC invocations=42 (full 5):
 garbage-first heap   total reserved 1925120K, committed 70656K, used 58905K [0x000000008a800000, 0x0000000100000000)
  region size 1024K, 35 young (35840K), 0 survivors (0K)
 Metaspace       used 69955K, committed 70592K, reserved 1114112K
  class space    used 10216K, committed 10496K, reserved 1048576K
}
Event: 3271.829 GC heap after
{Heap after GC invocations=43 (full 5):
 garbage-first heap   total reserved 1925120K, committed 70656K, used 28075K [0x000000008a800000, 0x0000000100000000)
  region size 1024K, 4 young (4096K), 4 survivors (4096K)
 Metaspace       used 69955K, committed 70592K, reserved 1114112K
  class space    used 10216K, committed 10496K, reserved 1048576K
}
Event: 3272.137 GC heap before
{Heap before GC invocations=44 (full 5):
 garbage-first heap   total reserved 1925120K, committed 70656K, used 57771K [0x000000008a800000, 0x0000000100000000)
  region size 1024K, 34 young (34816K), 4 survivors (4096K)
 Metaspace       used 70214K, committed 71040K, reserved 1114112K
  class space    used 10256K, committed 10624K, reserved 1048576K
}
Event: 3272.143 GC heap after
{Heap after GC invocations=45 (full 5):
 garbage-first heap   total reserved 1925120K, committed 71680K, used 32577K [0x000000008a800000, 0x0000000100000000)
  region size 1024K, 5 young (5120K), 5 survivors (5120K)
 Metaspace       used 70214K, committed 71040K, reserved 1114112K
  class space    used 10256K, committed 10624K, reserved 1048576K
}
Event: 3433.878 GC heap before
{Heap before GC invocations=45 (full 5):
 garbage-first heap   total reserved 1925120K, committed 71680K, used 54081K [0x000000008a800000, 0x0000000100000000)
  region size 1024K, 27 young (27648K), 5 survivors (5120K)
 Metaspace       used 70248K, committed 71040K, reserved 1114112K
  class space    used 10264K, committed 10624K, reserved 1048576K
}
Event: 3433.924 GC heap after
{Heap after GC invocations=46 (full 6):
 garbage-first heap   total reserved 1925120K, committed 71680K, used 27445K [0x000000008a800000, 0x0000000100000000)
  region size 1024K, 0 young (0K), 0 survivors (0K)
 Metaspace       used 70171K, committed 71040K, reserved 1114112K
  class space    used 10244K, committed 10624K, reserved 1048576K
}
Event: 3434.319 GC heap before
{Heap before GC invocations=46 (full 6):
 garbage-first heap   total reserved 1925120K, committed 71680K, used 59189K [0x000000008a800000, 0x0000000100000000)
  region size 1024K, 31 young (31744K), 0 survivors (0K)
 Metaspace       used 70195K, committed 71040K, reserved 1114112K
  class space    used 10248K, committed 10624K, reserved 1048576K
}
Event: 3434.322 GC heap after
{Heap after GC invocations=47 (full 6):
 garbage-first heap   total reserved 1925120K, committed 71680K, used 30387K [0x000000008a800000, 0x0000000100000000)
  region size 1024K, 3 young (3072K), 3 survivors (3072K)
 Metaspace       used 70195K, committed 71040K, reserved 1114112K
  class space    used 10248K, committed 10624K, reserved 1048576K
}
Event: 3434.639 GC heap before
{Heap before GC invocations=48 (full 6):
 garbage-first heap   total reserved 1925120K, committed 71680K, used 59059K [0x000000008a800000, 0x0000000100000000)
  region size 1024K, 32 young (32768K), 3 survivors (3072K)
 Metaspace       used 70297K, committed 71104K, reserved 1114112K
  class space    used 10244K, committed 10624K, reserved 1048576K
}
Event: 3434.643 GC heap after
{Heap after GC invocations=49 (full 6):
 garbage-first heap   total reserved 1925120K, committed 71680K, used 33483K [0x000000008a800000, 0x0000000100000000)
  region size 1024K, 4 young (4096K), 4 survivors (4096K)
 Metaspace       used 70297K, committed 71104K, reserved 1114112K
  class space    used 10244K, committed 10624K, reserved 1048576K
}
Event: 3436.096 GC heap before
{Heap before GC invocations=49 (full 6):
 garbage-first heap   total reserved 1925120K, committed 71680K, used 38603K [0x000000008a800000, 0x0000000100000000)
  region size 1024K, 10 young (10240K), 4 survivors (4096K)
 Metaspace       used 70299K, committed 71104K, reserved 1114112K
  class space    used 10244K, committed 10624K, reserved 1048576K
}
Event: 3436.132 GC heap after
{Heap after GC invocations=50 (full 7):
 garbage-first heap   total reserved 1925120K, committed 71680K, used 25730K [0x000000008a800000, 0x0000000100000000)
  region size 1024K, 0 young (0K), 0 survivors (0K)
 Metaspace       used 70285K, committed 71104K, reserved 1114112K
  class space    used 10241K, committed 10624K, reserved 1048576K
}
Event: 3436.392 GC heap before
{Heap before GC invocations=50 (full 7):
 garbage-first heap   total reserved 1925120K, committed 71680K, used 58498K [0x000000008a800000, 0x0000000100000000)
  region size 1024K, 32 young (32768K), 0 survivors (0K)
 Metaspace       used 70308K, committed 71104K, reserved 1114112K
  class space    used 10245K, committed 10624K, reserved 1048576K
}
Event: 3436.394 GC heap after
{Heap after GC invocations=51 (full 7):
 garbage-first heap   total reserved 1925120K, committed 71680K, used 28654K [0x000000008a800000, 0x0000000100000000)
  region size 1024K, 3 young (3072K), 3 survivors (3072K)
 Metaspace       used 70308K, committed 71104K, reserved 1114112K
  class space    used 10245K, committed 10624K, reserved 1048576K
}
Event: 3436.679 GC heap before
{Heap before GC invocations=52 (full 7):
 garbage-first heap   total reserved 1925120K, committed 71680K, used 58350K [0x000000008a800000, 0x0000000100000000)
  region size 1024K, 33 young (33792K), 3 survivors (3072K)
 Metaspace       used 70460K, committed 71232K, reserved 1114112K
  class space    used 10255K, committed 10624K, reserved 1048576K
}
Event: 3436.682 GC heap after
{Heap after GC invocations=53 (full 7):
 garbage-first heap   total reserved 1925120K, committed 71680K, used 30685K [0x000000008a800000, 0x0000000100000000)
  region size 1024K, 3 young (3072K), 3 survivors (3072K)
 Metaspace       used 70460K, committed 71232K, reserved 1114112K
  class space    used 10255K, committed 10624K, reserved 1048576K
}
Event: 3466.989 GC heap before
{Heap before GC invocations=53 (full 7):
 garbage-first heap   total reserved 1925120K, committed 71680K, used 46045K [0x000000008a800000, 0x0000000100000000)
  region size 1024K, 20 young (20480K), 3 survivors (3072K)
 Metaspace       used 70490K, committed 71232K, reserved 1114112K
  class space    used 10263K, committed 10624K, reserved 1048576K
}

